{
  "RSpec": {
    "coverage": {
      "/home/ec2-user/environment/RottenPotatoes/myrottenpotatoes/app/models/user.rb": [
        1,
        1,
        1,
        1,
        null,
        null,
        1,
        null,
        null,
        1,
        0,
        0,
        0,
        null,
        null,
        null,
        null,
        1,
        0,
        0,
        0,
        0,
        0,
        null,
        null,
        null
      ],
      "/home/ec2-user/environment/RottenPotatoes/myrottenpotatoes/app/models/application_record.rb": [
        1,
        1,
        null
      ],
      "/home/ec2-user/environment/RottenPotatoes/myrottenpotatoes/app/helpers/application_helper.rb": [
        1,
        null
      ],
      "/home/ec2-user/environment/RottenPotatoes/myrottenpotatoes/app/controllers/movies_controller.rb": [
        1,
        1,
        null,
        1,
        0,
        0,
        0,
        0,
        0,
        0,
        null,
        0,
        0,
        0,
        0,
        0,
        0,
        0,
        0,
        null,
        0,
        null,
        0,
        null,
        0,
        0,
        0,
        null,
        null,
        1,
        0,
        0,
        0,
        0,
        0,
        0,
        0,
        null,
        0,
        null,
        null,
        0,
        0,
        0,
        0,
        0,
        null,
        0,
        null,
        0,
        0,
        0,
        null,
        0,
        0,
        null,
        0,
        0,
        0,
        0,
        null,
        0,
        null,
        0,
        0,
        null,
        0,
        0,
        null,
        null,
        null,
        1,
        0,
        0,
        0,
        null,
        null,
        1,
        0,
        null,
        null,
        1,
        0,
        0,
        0,
        0,
        null,
        0,
        null,
        null,
        null,
        1,
        0,
        null,
        null,
        1,
        0,
        0,
        0,
        0,
        0,
        0,
        0,
        null,
        0,
        null,
        null,
        0,
        null,
        null,
        null,
        null,
        1,
        0,
        0,
        0,
        0,
        null,
        null,
        1,
        3,
        null,
        null,
        1,
        1,
        0,
        null,
        null,
        1,
        0,
        0,
        null,
        null
      ],
      "/home/ec2-user/environment/RottenPotatoes/myrottenpotatoes/app/controllers/application_controller.rb": [
        1,
        null
      ],
      "/home/ec2-user/environment/RottenPotatoes/myrottenpotatoes/app/models/movie.rb": [
        1,
        1,
        1,
        1,
        1,
        null,
        1,
        1,
        1,
        1,
        null,
        1,
        null,
        1,
        0,
        0,
        null,
        null,
        1,
        1,
        0,
        null,
        null,
        1,
        null,
        0,
        null,
        null,
        1,
        null,
        1,
        null,
        1,
        0,
        null,
        null,
        1,
        0,
        0,
        0,
        0,
        0,
        null,
        0,
        null,
        null,
        0,
        null,
        null,
        null,
        3,
        null,
        2,
        1,
        1,
        1,
        null,
        0,
        null,
        null,
        null,
        null,
        1,
        0,
        0,
        0,
        null,
        0,
        0,
        0,
        null,
        0,
        null,
        null,
        0,
        null,
        null,
        1,
        0,
        0,
        0,
        null,
        0,
        0,
        0,
        0,
        0,
        null,
        0,
        null,
        null,
        null,
        1,
        0,
        0,
        0,
        0,
        null,
        0,
        null,
        null,
        null,
        1,
        0,
        0,
        null,
        0,
        null,
        null,
        null,
        1,
        0,
        null,
        null,
        null,
        null
      ],
      "/home/ec2-user/environment/RottenPotatoes/myrottenpotatoes/app/controllers/reviews_controller.rb": [
        0,
        0,
        0,
        0,
        0,
        0,
        0,
        0,
        0,
        0,
        0,
        0,
        0,
        null,
        0,
        0,
        0,
        0,
        0,
        0,
        0,
        0,
        0,
        0,
        0,
        null,
        0,
        0,
        0,
        0,
        null,
        0,
        0,
        0,
        0,
        null,
        0,
        0,
        0,
        0,
        0,
        0,
        0,
        0,
        0,
        0,
        0,
        0,
        0,
        0,
        0,
        0,
        null,
        0,
        0,
        0,
        0,
        0,
        0,
        0,
        null,
        0,
        0,
        0,
        0,
        null,
        0
      ],
      "/home/ec2-user/environment/RottenPotatoes/myrottenpotatoes/app/controllers/sessions_controller.rb": [
        0,
        0
      ],
      "/home/ec2-user/environment/RottenPotatoes/myrottenpotatoes/app/controllers/users/omniauth_callbacks_controller.rb": [
        0,
        null,
        0,
        0,
        0,
        0,
        0,
        0,
        0,
        0,
        0,
        0,
        0,
        0,
        0,
        0,
        null,
        0,
        0,
        0,
        0,
        0,
        0,
        0,
        0,
        0,
        0,
        0,
        0,
        0,
        0,
        null,
        0,
        0,
        0,
        null,
        0,
        0,
        0,
        0,
        0,
        0,
        0,
        0,
        null,
        0,
        0,
        null,
        0,
        0,
        0,
        0,
        0,
        0,
        0,
        0,
        null,
        0,
        0,
        0,
        0,
        null,
        0,
        0,
        0,
        0,
        0,
        0,
        0,
        0,
        0,
        0,
        null,
        0,
        0,
        0,
        0,
        null,
        0,
        0,
        0,
        0
      ],
      "/home/ec2-user/environment/RottenPotatoes/myrottenpotatoes/app/mailers/application_mailer.rb": [
        0,
        0,
        0,
        0
      ],
      "/home/ec2-user/environment/RottenPotatoes/myrottenpotatoes/app/models/identity.rb": [
        0,
        0,
        0,
        null,
        0,
        0,
        0,
        null,
        0,
        0,
        0,
        0
      ],
      "/home/ec2-user/environment/RottenPotatoes/myrottenpotatoes/app/models/review.rb": [
        0,
        0,
        0,
        0,
        0,
        null,
        0,
        0,
        0,
        null,
        0
      ],
      "/home/ec2-user/environment/RottenPotatoes/myrottenpotatoes/app/jobs/application_job.rb": [
        0,
        0
      ],
      "/home/ec2-user/environment/RottenPotatoes/myrottenpotatoes/app/channels/application_cable/connection.rb": [
        0,
        0,
        0,
        0
      ],
      "/home/ec2-user/environment/RottenPotatoes/myrottenpotatoes/app/channels/application_cable/channel.rb": [
        0,
        0,
        0,
        0
      ]
    },
    "timestamp": 1551137201
  }
}
